Checking at height 1
Checking at height 1
Checking at height 1
Checking at height 1
Checking at height 10
Checking at height 10
Checking at height 10
Checking at height 10
Checking at height 18
Checking at height 18
Checking at height 18
Checking at height 18
Checking at height 26
Checking at height 26
Checking at height 26
Checking at height 26
Checking at height 37
Checking at height 37
Checking at height 37
Checking at height 37
Checking at height 37
Checking at height 44
Checking at height 44
Checking at height 44
Checking at height 44
Checking at height 51
Checking 0 and 1: false
Checking at height 51
Checking 0 and 1: false
Checking at height 51
Checking 0 and 1: false
Checking at height 51
Checking 0 and 1: false
Checking at height 51
Checking 0 and 1: false
Checking at height 61
Checking 0 and 11: false
Checking 1 and 11: false
Checking 2 and 11: false
Checking 3 and 11: false
Checking 4 and 11: false
Checking 5 and 11: false
Checking 6 and 11: false
Checking 7 and 11: false
Checking 8 and 11: false
Checking 9 and 11: false
Checking 10 and 11: false
Checking at height 61
Checking 0 and 11: false
Checking 1 and 11: false
Checking 2 and 11: false
Checking 3 and 11: false
Checking 4 and 11: false
Checking 5 and 11: false
Checking 6 and 11: false
Checking 7 and 11: false
Checking 8 and 11: false
Checking 9 and 11: false
Checking 10 and 11: false
Checking at height 61
Checking 0 and 11: false
Checking 1 and 11: false
Checking 2 and 11: false
Checking 3 and 11: false
Checking 4 and 11: false
Checking 5 and 11: false
Checking 6 and 11: false
Checking 7 and 11: false
Checking 8 and 11: false
Checking 9 and 11: false
Checking 10 and 11: false
Checking at height 61
Checking 0 and 11: false
Checking 1 and 11: false
Checking 2 and 11: false
Checking 3 and 11: false
Checking 4 and 11: false
Checking 5 and 11: false
Checking 6 and 11: false
Checking 7 and 11: false
Checking 8 and 11: false
Checking 9 and 11: false
Checking 10 and 11: false
Checking at height 61
Checking 0 and 11: false
Checking 1 and 11: false
Checking 2 and 11: false
Checking 3 and 11: false
Checking 4 and 11: false
Checking 5 and 11: false
Checking 6 and 11: false
Checking 7 and 11: false
Checking 8 and 11: false
Checking 9 and 11: false
Checking 10 and 11: false
Checking at height 67
Checking 0 and 17: false
Checking 1 and 17: false
Checking 2 and 17: false
Checking 3 and 17: false
Checking 4 and 17: false
Checking 5 and 17: false
Checking 6 and 17: false
Checking 7 and 17: false
Checking 8 and 17: false
Checking 9 and 17: false
Checking 10 and 17: false
Checking 11 and 17: false
Checking 12 and 17: false
Checking 13 and 17: false
Checking 14 and 17: false
Checking 15 and 17: false
Checking 16 and 17: false
Checking at height 67
Checking 0 and 17: false
Checking 1 and 17: false
Checking 2 and 17: false
Checking 3 and 17: false
Checking 4 and 17: false
Checking 5 and 17: false
Checking 6 and 17: false
Checking 7 and 17: false
Checking 8 and 17: false
Checking 9 and 17: false
Checking 10 and 17: false
Checking 11 and 17: false
Checking 12 and 17: false
Checking 13 and 17: false
Checking 14 and 17: false
Checking 15 and 17: false
Checking 16 and 17: false
Checking at height 67
Checking 0 and 17: false
Checking 1 and 17: false
Checking 2 and 17: false
Checking 3 and 17: false
Checking 4 and 17: false
Checking 5 and 17: false
Checking 6 and 17: false
Checking 7 and 17: false
Checking 8 and 17: false
Checking 9 and 17: false
Checking 10 and 17: false
Checking 11 and 17: false
Checking 12 and 17: false
Checking 13 and 17: false
Checking 14 and 17: false
Checking 15 and 17: false
Checking 16 and 17: false
Checking at height 67
Checking 0 and 17: false
Checking 1 and 17: false
Checking 2 and 17: false
Checking 3 and 17: false
Checking 4 and 17: false
Checking 5 and 17: false
Checking 6 and 17: false
Checking 7 and 17: false
Checking 8 and 17: false
Checking 9 and 17: false
Checking 10 and 17: false
Checking 11 and 17: false
Checking 12 and 17: false
Checking 13 and 17: false
Checking 14 and 17: false
Checking 15 and 17: false
Checking 16 and 17: false
Checking at height 67
Checking 0 and 17: false
Checking 1 and 17: false
Checking 2 and 17: false
Checking 3 and 17: false
Checking 4 and 17: false
Checking 5 and 17: false
Checking 6 and 17: false
Checking 7 and 17: false
Checking 8 and 17: false
Checking 9 and 17: false
Checking 10 and 17: false
Checking 11 and 17: false
Checking 12 and 17: false
Checking 13 and 17: false
Checking 14 and 17: false
Checking 15 and 17: false
Checking 16 and 17: false
Checking at height 73
Checking 0 and 23: false
Checking 1 and 23: false
Checking 2 and 23: false
Checking 3 and 23: false
Checking 4 and 23: false
Checking 5 and 23: false
Checking 6 and 23: false
Checking 7 and 23: false
Checking 8 and 23: false
Checking 9 and 23: false
Checking 10 and 23: false
Checking 11 and 23: false
Checking 12 and 23: false
Checking 13 and 23: false
Checking 14 and 23: false
Checking 15 and 23: false
Checking 16 and 23: false
Checking 17 and 23: false
Checking 18 and 23: false
Checking 19 and 23: false
Checking 20 and 23: false
Checking 21 and 23: false
Checking 22 and 23: false
Checking at height 73
Checking 0 and 23: false
Checking 1 and 23: false
Checking 2 and 23: false
Checking 3 and 23: false
Checking 4 and 23: false
Checking 5 and 23: false
Checking 6 and 23: false
Checking 7 and 23: false
Checking 8 and 23: false
Checking 9 and 23: false
Checking 10 and 23: false
Checking 11 and 23: false
Checking 12 and 23: false
Checking 13 and 23: false
Checking 14 and 23: false
Checking 15 and 23: false
Checking 16 and 23: false
Checking 17 and 23: false
Checking 18 and 23: false
Checking 19 and 23: false
Checking 20 and 23: false
Checking 21 and 23: false
Checking 22 and 23: false
Checking at height 73
Checking 0 and 23: false
Checking 1 and 23: false
Checking 2 and 23: false
Checking 3 and 23: false
Checking 4 and 23: false
Checking 5 and 23: false
Checking 6 and 23: false
Checking 7 and 23: false
Checking 8 and 23: false
Checking 9 and 23: false
Checking 10 and 23: false
Checking 11 and 23: false
Checking 12 and 23: false
Checking 13 and 23: false
Checking 14 and 23: false
Checking 15 and 23: false
Checking 16 and 23: false
Checking 17 and 23: false
Checking 18 and 23: false
Checking 19 and 23: false
Checking 20 and 23: false
Checking 21 and 23: false
Checking 22 and 23: false
Checking at height 73
Checking 0 and 23: false
Checking 1 and 23: false
Checking 2 and 23: false
Checking 3 and 23: false
Checking 4 and 23: false
Checking 5 and 23: false
Checking 6 and 23: false
Checking 7 and 23: false
Checking 8 and 23: false
Checking 9 and 23: false
Checking 10 and 23: false
Checking 11 and 23: false
Checking 12 and 23: false
Checking 13 and 23: false
Checking 14 and 23: false
Checking 15 and 23: false
Checking 16 and 23: false
Checking 17 and 23: false
Checking 18 and 23: false
Checking 19 and 23: false
Checking 20 and 23: false
Checking 21 and 23: false
Checking 22 and 23: false
Checking at height 79
Checking 0 and 29: false
Checking 1 and 29: false
Checking 2 and 29: true
Checking 1 and 28: true
Cycle found! Start: 2. End: 79
Final height: 79
Checking 0 and 151: false
Checking 1 and 151: false
Checking 2 and 151: false
Checking 3 and 151: false
Checking 4 and 151: false
Checking 5 and 151: false
Checking 6 and 151: false
Checking 7 and 151: false
Checking 8 and 151: false
Checking 9 and 151: false
Checking 10 and 151: false
Checking 11 and 151: false
Checking 12 and 151: false
Checking 13 and 151: false
Checking 14 and 151: false
Checking 15 and 151: false
Checking 16 and 151: false
Checking 17 and 151: false
Checking 18 and 151: false
Checking 19 and 151: false
Checking 20 and 151: false
Checking 21 and 151: false
Checking 22 and 151: false
Checking 23 and 151: false
Checking 24 and 151: false
Checking 25 and 151: false
Checking 26 and 151: false
Checking 27 and 151: false
Checking 28 and 151: false
Checking 29 and 151: false
Checking 30 and 151: false
Checking 31 and 151: false
Checking 32 and 151: false
Checking 33 and 151: false
Checking 34 and 151: false
Checking 35 and 151: false
Checking 36 and 151: false
Checking 37 and 151: false
Checking 38 and 151: false
Checking 39 and 151: false
Checking 40 and 151: false
Checking 41 and 151: false
Checking 42 and 151: false
Checking 43 and 151: false
Checking 44 and 151: false
Checking 45 and 151: false
Checking 46 and 151: false
Checking 47 and 151: false
Checking 48 and 151: false
Checking 49 and 151: false
Checking 50 and 151: false
Checking 51 and 151: false
Checking 52 and 151: false
Checking 53 and 151: false
Checking 54 and 151: false
Checking 55 and 151: false
Checking 56 and 151: false
Checking 57 and 151: false
Checking 58 and 151: false
Checking 59 and 151: false
Checking 60 and 151: false
Checking 61 and 151: false
Checking 62 and 151: false
Checking 63 and 151: false
Checking 64 and 151: false
Checking 65 and 151: false
Checking 66 and 151: false
Checking 67 and 151: false
Checking 68 and 151: false
Checking 69 and 151: false
Checking 70 and 151: false
Checking 71 and 151: false
Checking 72 and 151: false
Checking 73 and 151: false
Checking 74 and 151: false
Checking 75 and 151: false
Checking 76 and 151: false
Checking 77 and 151: false
Checking 78 and 151: false
Checking 79 and 151: true
Checking 78 and 150: false
Checking 80 and 151: true
Checking 79 and 150: true
Cycle? Some(80)
  85 #.......#
  84 #...#...#
  83 #..###..#
  82 #...#...#
  81 #.......#
  80 #.......#
  79 h.......#
  78 #..####.#
  77 #..###..#
  76 #..###..#
  75 #..####.#
  74 #....####
  73 #.....#.#
  72 #.#####.#
  71 #.#..#..#
  70 #.#..#..#
  69 #.####.##
  68 #.####.##
  67 ####.####
  66 #.#####.#
  65 #.###...#
  64 #.###...#
  63 #.#.#...#
  62 #.#.#.#.#
  61 #.#######
  60 #.#####.#
  59 #....#..#
  58 #....#..#
  57 #....#..#
  56 #....#..#
  55 #.##.#..#
  54 #.##.#..#
  53 #..###..#
  52 #....#..#
  51 #...###.#
  50 ##...#..#
  49 ######..#
  48 ##.#....#
  47 ##.#....#
  46 #####...#
  45 #..######
  44 #...#.###
  43 #..####.#
  42 #.##....#
  41 #.##...##
  40 #..#...##
  39 #..#.####
  38 #..#..#.#
  37 #..#.####
  36 #.#####.#
  35 #....#..#
  34 #....#..#
  33 #....#..#
  32 #....#..#
  31 #.##.#..#
  30 #.##.#..#
  29 #..###..#
  28 #...#...#
  27 #..###..#
  26 #...#...#
  25 #..####.#
  24 #.....###
  23 #.....###
  22 #......##
  21 #......##
  20 #...#####
  19 #..###..#
  18 #...#...#
  17 ##..#####
  16 ##...#..#
  15 ##...#..#
  14 ##...##.#
  13 ###..##.#
  12 #######.#
  11 #.###...#
  10 #..#....#
   9 #.####..#
   8 #....##.#
   7 #....##.#
   6 #....#..#
   5 #..#.#..#
   4 #..#.#..#
   3 ######..#
   2 #..###..#
   1 #...#...#
   0 #..####.#
#########
Row 151:  151 #.......#
Row 98:   98 #.......#
Checking 151 and 98: true
row 151 == row 98? true
